Release 14.7 - xst P.20131013 (nt)
Copyright (c) 1995-2013 Xilinx, Inc.  All rights reserved.
--> Parameter TMPDIR set to xst/projnav.tmp


Total REAL time to Xst completion: 0.00 secs
Total CPU time to Xst completion: 0.09 secs
 
--> Parameter xsthdpdir set to xst


Total REAL time to Xst completion: 0.00 secs
Total CPU time to Xst completion: 0.09 secs
 
--> Reading design: main.prj

TABLE OF CONTENTS
  1) Synthesis Options Summary
  2) HDL Parsing
  3) HDL Elaboration
  4) HDL Synthesis
       4.1) HDL Synthesis Report
  5) Advanced HDL Synthesis
       5.1) Advanced HDL Synthesis Report
  6) Low Level Synthesis
  7) Partition Report
  8) Design Summary
       8.1) Primitive and Black Box Usage
       8.2) Device utilization summary
       8.3) Partition Resource Summary
       8.4) Timing Report
            8.4.1) Clock Information
            8.4.2) Asynchronous Control Signals Information
            8.4.3) Timing Summary
            8.4.4) Timing Details
            8.4.5) Cross Clock Domains Report


=========================================================================
*                      Synthesis Options Summary                        *
=========================================================================
---- Source Parameters
Input File Name                    : "main.prj"
Ignore Synthesis Constraint File   : NO

---- Target Parameters
Output File Name                   : "main"
Output Format                      : NGC
Target Device                      : xc6slx45-3-csg324

---- Source Options
Top Module Name                    : main
Automatic FSM Extraction           : YES
FSM Encoding Algorithm             : Auto
Safe Implementation                : No
FSM Style                          : LUT
RAM Extraction                     : Yes
RAM Style                          : Auto
ROM Extraction                     : Yes
Shift Register Extraction          : YES
ROM Style                          : Auto
Resource Sharing                   : YES
Asynchronous To Synchronous        : NO
Shift Register Minimum Size        : 2
Use DSP Block                      : Auto
Automatic Register Balancing       : No

---- Target Options
LUT Combining                      : Auto
Reduce Control Sets                : Auto
Add IO Buffers                     : YES
Global Maximum Fanout              : 100000
Add Generic Clock Buffer(BUFG)     : 16
Register Duplication               : YES
Optimize Instantiated Primitives   : NO
Use Clock Enable                   : Auto
Use Synchronous Set                : Auto
Use Synchronous Reset              : Auto
Pack IO Registers into IOBs        : Auto
Equivalent register Removal        : YES

---- General Options
Optimization Goal                  : Speed
Optimization Effort                : 1
Power Reduction                    : NO
Keep Hierarchy                     : No
Netlist Hierarchy                  : As_Optimized
RTL Output                         : Yes
Global Optimization                : AllClockNets
Read Cores                         : YES
Write Timing Constraints           : NO
Cross Clock Analysis               : NO
Hierarchy Separator                : /
Bus Delimiter                      : <>
Case Specifier                     : Maintain
Slice Utilization Ratio            : 100
BRAM Utilization Ratio             : 100
DSP48 Utilization Ratio            : 100
Auto BRAM Packing                  : NO
Slice Utilization Ratio Delta      : 5

---- Other Options
Cores Search Directories           : {"ipcore_dir"  }

=========================================================================


=========================================================================
*                          HDL Parsing                                  *
=========================================================================
Analyzing Verilog file "C:\Users\cs141\cs141\lab3_start\ipcore_dir\clock_generator.v" into library work
Parsing module <clock_generator>.
Analyzing Verilog file "C:\Users\cs141\cs141\lab3_start\led_switch_driver.v" into library work
Parsing module <led_switch_driver>.
Analyzing Verilog file "C:\Users\cs141\cs141\lab3_start\debouncer.v" into library work
Parsing module <debouncer>.
Analyzing Verilog file "C:\Users\cs141\cs141\lab3_start\main.v" into library work
Parsing module <main>.

=========================================================================
*                            HDL Elaboration                            *
=========================================================================
WARNING:HDLCompiler:1016 - "C:\Users\cs141\cs141\lab3_start\main.v" Line 22: Port clk_100Mn is not connected to this instance

Elaborating module <main>.

Elaborating module <clock_generator>.

Elaborating module <IBUFG>.

Elaborating module <DCM_SP(CLKDV_DIVIDE=2.0,CLKFX_DIVIDE=1,CLKFX_MULTIPLY=4,CLKIN_DIVIDE_BY_2="FALSE",CLKIN_PERIOD=10.0,CLKOUT_PHASE_SHIFT="NONE",CLK_FEEDBACK="1X",DESKEW_ADJUST="SYSTEM_SYNCHRONOUS",PHASE_SHIFT=0,STARTUP_WAIT="FALSE")>.
WARNING:HDLCompiler:1127 - "C:\Users\cs141\cs141\lab3_start\ipcore_dir\clock_generator.v" Line 128: Assignment to locked_int ignored, since the identifier is never used
WARNING:HDLCompiler:1127 - "C:\Users\cs141\cs141\lab3_start\ipcore_dir\clock_generator.v" Line 129: Assignment to status_int ignored, since the identifier is never used

Elaborating module <BUFG>.

Elaborating module <debouncer(CYCLES=10000000,RESET_VALUE=1'b0,COUNTER_WIDTH=32)>.

Elaborating module <led_switch_driver>.
WARNING:HDLCompiler:413 - "C:\Users\cs141\cs141\lab3_start\led_switch_driver.v" Line 19: Result of 3-bit expression is truncated to fit in 2-bit target.
WARNING:HDLCompiler:1499 - "C:\Users\cs141\cs141\lab3_start\led_switch_driver.v" Line 6: Empty module <led_switch_driver> remains a black box.
WARNING:Xst:2972 - "C:\Users\cs141\cs141\lab3_start\main.v" line 25. All outputs of instance <DEBOUNCE_RSTB> of block <debouncer> are unconnected in block <main>. Underlying logic will be removed.
WARNING:Xst:2972 - "C:\Users\cs141\cs141\lab3_start\main.v" line 27. All outputs of instance <DEBOUNCE_CENTB> of block <debouncer> are unconnected in block <main>. Underlying logic will be removed.
WARNING:Xst:2972 - "C:\Users\cs141\cs141\lab3_start\main.v" line 33. All outputs of instance <LS_DRIVER> of block <led_switch_driver> are unconnected in block <main>. Underlying logic will be removed.

=========================================================================
*                           HDL Synthesis                               *
=========================================================================

Synthesizing Unit <main>.
    Related source file is "C:\Users\cs141\cs141\lab3_start\main.v".
INFO:Xst:3210 - "C:\Users\cs141\cs141\lab3_start\main.v" line 22: Output port <clk_100Mn> of the instance <CLOCK_GEN> is unconnected or connected to loadless signal.
    Summary:
	no macro.
Unit <main> synthesized.

Synthesizing Unit <clock_generator>.
    Related source file is "C:\Users\cs141\cs141\lab3_start\ipcore_dir\clock_generator.v".
    Summary:
	no macro.
Unit <clock_generator> synthesized.

=========================================================================
HDL Synthesis Report

Found no macro
=========================================================================

=========================================================================
*                       Advanced HDL Synthesis                          *
=========================================================================


=========================================================================
Advanced HDL Synthesis Report

Found no macro
=========================================================================

=========================================================================
*                         Low Level Synthesis                           *
=========================================================================

Optimizing unit <main> ...

Mapping all equations...
Building and optimizing final netlist ...
Found area constraint ratio of 100 (+ 5) on block main, actual ratio is 0.

Final Macro Processing ...

=========================================================================
Final Register Report

Found no macro
=========================================================================

=========================================================================
*                           Partition Report                            *
=========================================================================

Partition Implementation Status
-------------------------------

  No Partitions were found in this design.

-------------------------------

=========================================================================
*                            Design Summary                             *
=========================================================================

Top Level Output File Name         : main.ngc

Primitive and Black Box Usage:
------------------------------
# BELS                             : 1
#      GND                         : 1
# Clock Buffers                    : 2
#      BUFG                        : 2
# IO Buffers                       : 17
#      IBUF                        : 8
#      IBUFG                       : 1
#      OBUF                        : 8
# DCMs                             : 1
#      DCM_SP                      : 1

Device utilization summary:
---------------------------

Selected Device : 6slx45csg324-3 


Slice Logic Utilization: 

Slice Logic Distribution: 
 Number of LUT Flip Flop pairs used:      0
   Number with an unused Flip Flop:       0  out of      0         
   Number with an unused LUT:             0  out of      0         
   Number of fully used LUT-FF pairs:     0  out of      0         
   Number of unique control sets:         0

IO Utilization: 
 Number of IOs:                          19
 Number of bonded IOBs:                  17  out of    218     7%  

Specific Feature Utilization:
 Number of BUFG/BUFGCTRLs:                2  out of     16    12%  

---------------------------
Partition Resource Summary:
---------------------------

  No Partitions were found in this design.

---------------------------


=========================================================================
Timing Report

NOTE: THESE TIMING NUMBERS ARE ONLY A SYNTHESIS ESTIMATE.
      FOR ACCURATE TIMING INFORMATION PLEASE REFER TO THE TRACE REPORT
      GENERATED AFTER PLACE-and-ROUTE.

Clock Information:
------------------
No clock signals found in this design

Asynchronous Control Signals Information:
----------------------------------------
No asynchronous control signals found in this design

Timing Summary:
---------------
Speed Grade: -3

   Minimum period: No path found
   Minimum input arrival time before clock: No path found
   Maximum output required time after clock: No path found
   Maximum combinational path delay: 4.372ns

Timing Details:
---------------
All values displayed in nanoseconds (ns)

=========================================================================
Timing constraint: Default path analysis
  Total number of paths / destination ports: 8 / 8
-------------------------------------------------------------------------
Delay:               4.372ns (Levels of Logic = 2)
  Source:            switch<7> (PAD)
  Destination:       led<7> (PAD)

  Data Path: switch<7> to led<7>
                                Gate     Net
    Cell:in->out      fanout   Delay   Delay  Logical Name (Net Name)
    ----------------------------------------  ------------
     IBUF:I->O             1   1.222   0.579  switch_7_IBUF (led_7_OBUF)
     OBUF:I->O                 2.571          led_7_OBUF (led<7>)
    ----------------------------------------
    Total                      4.372ns (3.793ns logic, 0.579ns route)
                                       (86.8% logic, 13.2% route)

=========================================================================

Cross Clock Domains Report:
--------------------------

=========================================================================


Total REAL time to Xst completion: 3.00 secs
Total CPU time to Xst completion: 3.47 secs
 
--> 

Total memory usage is 180980 kilobytes

Number of errors   :    0 (   0 filtered)
Number of warnings :    8 (   0 filtered)
Number of infos    :    1 (   0 filtered)

