Command line:
   register_isim_beh.exe
     -simmode  gui
     -simrunnum  0
     -socket  49241

Fri Oct 07 10:20:09 2016


 Elaboration Time: 0.15625 sec

 Current Memory Usage: 657.699 Meg

 Total Signals          : 17
 Total Nets             : 20
 Total Signal Drivers   : 6
 Total Blocks           : 2
 Total Primitive Blocks : 2
 Total Processes        : 8
 Total Traceable Variables  : 20
 Total Scalar Nets and Variables : 134
Total Line Count : 19

 Total Simulation Time: 0.15625 sec

 Current Memory Usage: 657.699 Meg

Fri Oct 07 10:20:14 2016

