Release 14.7 - xst P.20131013 (nt)
Copyright (c) 1995-2013 Xilinx, Inc.  All rights reserved.
--> Parameter TMPDIR set to xst/projnav.tmp


Total REAL time to Xst completion: 0.00 secs
Total CPU time to Xst completion: 0.41 secs
 
--> Parameter xsthdpdir set to xst


Total REAL time to Xst completion: 0.00 secs
Total CPU time to Xst completion: 0.42 secs
 
--> Reading design: alu.prj

TABLE OF CONTENTS
  1) Synthesis Options Summary
  2) HDL Parsing
  3) HDL Elaboration
  4) HDL Synthesis
       4.1) HDL Synthesis Report
  5) Advanced HDL Synthesis
       5.1) Advanced HDL Synthesis Report
  6) Low Level Synthesis
  7) Partition Report
  8) Design Summary
       8.1) Primitive and Black Box Usage
       8.2) Device utilization summary
       8.3) Partition Resource Summary
       8.4) Timing Report
            8.4.1) Clock Information
            8.4.2) Asynchronous Control Signals Information
            8.4.3) Timing Summary
            8.4.4) Timing Details
            8.4.5) Cross Clock Domains Report


=========================================================================
*                      Synthesis Options Summary                        *
=========================================================================
---- Source Parameters
Input File Name                    : "alu.prj"
Ignore Synthesis Constraint File   : NO

---- Target Parameters
Output File Name                   : "alu"
Output Format                      : NGC
Target Device                      : xc6slx45-3-csg324

---- Source Options
Top Module Name                    : alu
Automatic FSM Extraction           : YES
FSM Encoding Algorithm             : Auto
Safe Implementation                : No
FSM Style                          : LUT
RAM Extraction                     : Yes
RAM Style                          : Auto
ROM Extraction                     : Yes
Shift Register Extraction          : YES
ROM Style                          : Auto
Resource Sharing                   : YES
Asynchronous To Synchronous        : NO
Shift Register Minimum Size        : 2
Use DSP Block                      : Auto
Automatic Register Balancing       : No

---- Target Options
LUT Combining                      : Auto
Reduce Control Sets                : Auto
Add IO Buffers                     : YES
Global Maximum Fanout              : 100000
Add Generic Clock Buffer(BUFG)     : 16
Register Duplication               : YES
Optimize Instantiated Primitives   : NO
Use Clock Enable                   : Auto
Use Synchronous Set                : Auto
Use Synchronous Reset              : Auto
Pack IO Registers into IOBs        : Auto
Equivalent register Removal        : YES

---- General Options
Optimization Goal                  : Speed
Optimization Effort                : 1
Power Reduction                    : NO
Keep Hierarchy                     : No
Netlist Hierarchy                  : As_Optimized
RTL Output                         : Yes
Global Optimization                : AllClockNets
Read Cores                         : YES
Write Timing Constraints           : NO
Cross Clock Analysis               : NO
Hierarchy Separator                : /
Bus Delimiter                      : <>
Case Specifier                     : Maintain
Slice Utilization Ratio            : 100
BRAM Utilization Ratio             : 100
DSP48 Utilization Ratio            : 100
Auto BRAM Packing                  : NO
Slice Utilization Ratio Delta      : 5

=========================================================================


=========================================================================
*                          HDL Parsing                                  *
=========================================================================
Analyzing Verilog file "\\vmware-host\shared folders\CS141\cs141_git\lab2\lab2\carry_lookahead_unit_4.v" into library work
Parsing module <carry_lookahead_unit_4>.
Analyzing Verilog file "\\vmware-host\shared folders\CS141\cs141_git\lab2\lab2\carry_cause.v" into library work
Parsing module <carry_cause>.
Analyzing Verilog file "\\vmware-host\shared folders\CS141\cs141_git\lab2\lab2\carry_lookahead_adder_4b.v" into library work
Parsing module <carry_lookahead_adder_4b>.
Analyzing Verilog file "\\vmware-host\shared folders\CS141\cs141_git\lab2\lab2\mux_2to1.v" into library work
Parsing module <mux_2to1>.
Analyzing Verilog file "\\vmware-host\shared folders\CS141\cs141_git\lab2\lab2\carry_lookahead_unit_2.v" into library work
Parsing module <carry_lookahead_unit_2>.
Analyzing Verilog file "\\vmware-host\shared folders\CS141\cs141_git\lab2\lab2\carry_lookahead_adder_16b.v" into library work
Parsing module <carry_lookahead_adder_16b>.
Analyzing Verilog file "\\vmware-host\shared folders\CS141\cs141_git\lab2\lab2\mux_4to1.v" into library work
Parsing module <mux_4to1>.
Analyzing Verilog file "\\vmware-host\shared folders\CS141\cs141_git\lab2\lab2\carry_lookahead_adder_32b.v" into library work
Parsing module <carry_lookahead_adder_32b>.
Analyzing Verilog file "\\vmware-host\shared folders\CS141\cs141_git\lab2\lab2\add_sub_mux.v" into library work
Parsing module <input_inversion>.
Analyzing Verilog file "\\vmware-host\shared folders\CS141\cs141_git\lab2\lab2\mux_16to1.v" into library work
Parsing module <mux_16to1>.
Analyzing Verilog file "\\vmware-host\shared folders\CS141\cs141_git\lab2\lab2\add_sub_32b.v" into library work
Parsing module <add_sub_32b>.
Analyzing Verilog file "\\vmware-host\shared folders\CS141\cs141_git\lab2\lab2\alu.v" into library work
Parsing verilog file "alu_defines.v" included at line 12.
Parsing module <alu>.
ERROR:HDLCompiler:69 - "\\vmware-host\shared folders\CS141\cs141_git\lab2\lab2\alu.v" Line 75: <sra> is not declared.
ERROR:HDLCompiler:69 - "\\vmware-host\shared folders\CS141\cs141_git\lab2\lab2\alu.v" Line 76: <srl> is not declared.
ERROR:HDLCompiler:69 - "\\vmware-host\shared folders\CS141\cs141_git\lab2\lab2\alu.v" Line 77: <sll> is not declared.
ERROR:HDLCompiler:69 - "\\vmware-host\shared folders\CS141\cs141_git\lab2\lab2\alu.v" Line 78: <slt> is not declared.
ERROR:HDLCompiler:69 - "\\vmware-host\shared folders\CS141\cs141_git\lab2\lab2\alu.v" Line 82: <sra> is not declared.
ERROR:HDLCompiler:598 - "\\vmware-host\shared folders\CS141\cs141_git\lab2\lab2\alu.v" Line 14: Module <alu> ignored due to previous errors.
Verilog file \\vmware-host\shared folders\CS141\cs141_git\lab2\lab2\alu.v ignored due to errors
--> 

Total memory usage is 162240 kilobytes

Number of errors   :    6 (   0 filtered)
Number of warnings :    0 (   0 filtered)
Number of infos    :    0 (   0 filtered)

